204       
204        BL02
227       
213       
213        BL02
201       
201        BL02
217       
217        BL01

217       
216       
216        BL01

216       
230       
207       
227        BL01
227        BL02
227        BL03
227        BL04
227        BL05
227        BL06
227        BL07
227        BL08
227        BL09
227        BL10
227        BL11
227        BL12
227        BL13
227        BL14
227        BL15
227        BL16
227        BL17
227        BL18
227        BL19
227        BL20
227        BL21
227        BL22
231       

231        BL01
231       
219       

219       
232       

232       
210       
210        BL01
211       
217        BL01
217        BL02
217        BL03
217        BL04
217        BL05
217        BL06
217        BL07
217        BL08
217        BL09
217        BL10
217        BL11
217        BL12
217        BL13
217        BL14
217        BL15
217        BL16
217        BL17
217        BL18
217        BL19
217        BL20
217        BL21
217        BL22

211       
224       
216        BL01
216        BL02
216        BL03
216        BL04
216        BL05
216        BL06
216        BL07
216        BL08
216        BL09
216        BL10
216        BL11
216        BL12
216        BL13
216        BL14
216        BL15
216        BL16
216        BL17
216        BL18
216        BL19
216        BL20
216        BL21
216        BL22
224        BL01
212       
212        BL01
414       
212       
202       
207        BL01
207        BL02
207        BL03
207        BL04
207        BL05
207        BL06
207        BL07
207        BL08
207        BL09
207        BL10
207        BL11
207        BL12
207        BL13
207        BL14
207        BL15
207        BL16
207        BL17
207        BL18
207        BL19
207        BL20
207        BL21
207        BL22

202       
203       
231        BL01
231        BL02
231        BL03
231        BL04
231        BL05
231        BL06
231        BL07
231        BL08
231        BL09
231        BL10
231        BL11
231        BL12
231        BL13
231        BL14
231        BL15
231        BL16
231        BL17
231        BL18
231        BL19
231        BL20
231        BL21
231        BL22
204       
204        BL01
219        BL01
219        BL02
219        BL03
219        BL04
219        BL05
219        BL06
219        BL07
219        BL08
219        BL09
219        BL10
219        BL11
219        BL12
219        BL13
219        BL14
219        BL15
219        BL16
219        BL17
219        BL18
219        BL19
219        BL20
219        BL21
219        BL22
219        BL01
219        BL02
219        BL03
219        BL04
219        BL05
219        BL06
219        BL07
219        BL08
219        BL09
219        BL10
219        BL11
219        BL12
219        BL13
219        BL14
219        BL15
219        BL16
219        BL17
219        BL18
219        BL19
219        BL20
219        BL21
219        BL22

204       
227       

227       
213       
232        BL01
232        BL02
232        BL03
232        BL04
232        BL05
232        BL06
232        BL07
232        BL08
232        BL09
232        BL10
232        BL11
232        BL12
232        BL13
232        BL14
232        BL15
232        BL16
232        BL17
232        BL18
232        BL19
232        BL20
232        BL21
232        BL22

213       
205       
205        BL02

205       
206       
206        BL02
211        BL01
211        BL02
211        BL03
211        BL04
211        BL05
211        BL06
211        BL07
211        BL08
211        BL09
211        BL10
211        BL11
211        BL12
211        BL13
211        BL14
211        BL15
211        BL16
211        BL17
211        BL18
211        BL19
211        BL20
211        BL21
211        BL22
211        BL01
211        BL02
211        BL03
211        BL04
211        BL05
211        BL06
211        BL07
211        BL08
211        BL09
211        BL10
211        BL11
211        BL12
211        BL13
211        BL14
211        BL15
211        BL16
211        BL17
211        BL18
211        BL19
211        BL20
211        BL21
211        BL22
217       
217        BL02
218       
218        BL02

218       
212        BL01
212        BL02
212        BL03
212        BL04
212        BL05
212        BL06
212        BL07
212        BL08
212        BL09
212        BL10
212        BL11
212        BL12
212        BL13
212        BL14
212        BL15
212        BL16
212        BL17
212        BL18
212        BL19
212        BL20
212        BL21
212        BL22
218        BL01
216       
230       
230        BL02
202        BL01
202        BL02
202        BL03
202        BL04
202        BL05
202        BL06
202        BL07
202        BL08
202        BL09
202        BL10
202        BL11
202        BL12
202        BL13
202        BL14
202        BL15
202        BL16
202        BL17
202        BL18
202        BL19
202        BL20
202        BL21
202        BL22
207       
207        BL02
203        BL01
203        BL02
203        BL03
203        BL04
203        BL05
203        BL06
203        BL07
203        BL08
203        BL09
203        BL10
203        BL11
203        BL12
203        BL13
203        BL14
203        BL15
203        BL16
203        BL17
203        BL18
203        BL19
203        BL20
203        BL21
203        BL22
231       
231        BL02

204        BL01
204        BL02
204        BL03
204        BL04
204        BL05
204        BL06
204        BL08
204        BL09
204        BL10
204        BL11
204        BL12
204        BL13
204        BL14
204        BL15
204        BL16
204        BL17
204        BL18
204        BL19
204        BL20
204        BL21
231       
219       
219        BL02
227        BL01
227        BL02
227        BL03
227        BL04
227        BL05
227        BL06
227        BL07
227        BL08
227        BL09
227        BL10
227        BL11
227        BL12
227        BL13
227        BL14
227        BL15
227        BL16
227        BL17
227        BL18
227        BL19
227        BL20
227        BL21
227        BL22
227        BL01
227        BL02
227        BL03
227        BL04
227        BL05
227        BL06
227        BL07
227        BL08
227        BL09
227        BL10
227        BL11
227        BL12
227        BL13
227        BL14
227        BL15
227        BL16
227        BL17
227        BL18
227        BL19
227        BL20
227        BL21
227        BL22

219       
213        BL01
213        BL02
213        BL03
213        BL04
213        BL05
213        BL06
213        BL07
213        BL08
213        BL09
213        BL10
213        BL11
213        BL12
213        BL13
213        BL14
213        BL15
213        BL16
213        BL17
213        BL18
213        BL19
213        BL20
213        BL21
213        BL22
213        BL01
213        BL02
213        BL03
213        BL04
213        BL21
213        BL04
213        BL05
213        BL06
213        BL07
213        BL08
213        BL09
213        BL10
213        BL11
213        BL12
213        BL13
213        BL14
213        BL15
213        BL16
213        BL17
213        BL18
213        BL19
213        BL20
213        BL21
213        BL22
232       
232        BL02
205        BL01
205        BL02
205        BL03
205        BL04
205        BL05
205        BL06
205        BL07
205        BL08
205        BL09
205        BL10
205        BL11
205        BL12
205        BL13
205        BL14
205        BL15
205        BL17
205        BL18
205        BL20
205        BL18
205        BL19
205        BL20
205        BL21
205        BL22
210       
210        BL02
401       
210       
210        BL02

210       
211       
211        BL02

211       
224       
224        BL02
216        BL01
216        BL02
216        BL03
216        BL04
216        BL05
216        BL06
216        BL07
216        BL09
216        BL10
216        BL11
216        BL13
216        BL14
216        BL15
216        BL16
216        BL17
216        BL18
216        BL19
216        BL20
216        BL21
216        BL22
212       
212        BL02

212       
202       
202        BL02
203       
203        BL02
219        BL01
219        BL02
219        BL03
219        BL04
219        BL05
219        BL06
219        BL07
219        BL08
219        BL09
219        BL10
219        BL11
219        BL12
219        BL13
219        BL14
219        BL15
219        BL16
219        BL17
219        BL18
219        BL19
219        BL20
219        BL21
219        BL22
204       
204        BL02
215       

215       
210        BL01
210        BL02
210        BL03
210        BL04
210        BL05
210        BL06
210        BL07
210        BL08
210        BL09
210        BL10
210        BL11
210        BL12
210        BL13
210        BL14
210        BL15
210        BL16
210        BL17
210        BL18
210        BL19
210        BL20
210        BL21
210        BL22
205       

205       
206       
206        BL02
211        BL01
211        BL02
211        BL03
211        BL04
211        BL05
211        BL06
211        BL07
211        BL08
211        BL09
211        BL10
211        BL11
211        BL12
211        BL13
211        BL14
211        BL15
211        BL16
211        BL17
211        BL18
211        BL19
211        BL20
211        BL21
211        BL22

206       
217       
217        BL01
218       

218        BL01
212        BL01
212        BL02
212        BL03
212        BL04
212        BL05
212        BL06
212        BL07
212        BL08
212        BL09
212        BL10
212        BL11
212        BL12
212        BL13
212        BL14
212        BL02
212        BL14
212        BL15
212        BL16
212        BL17
212        BL18
212        BL19
212        BL20
212        BL21
212        BL22
218       
208       
218        BL01
208        BL01
411       
208       
209       
209        BL01
220       
221       
221        BL01

221       
205        BL01
205        BL02
205        BL03
205        BL04
205        BL05
205        BL06
205        BL07
205        BL08
205        BL09
205        BL10
205        BL11
205        BL12
205        BL13
205        BL14
205        BL15
205        BL16
205        BL17
205        BL18
205        BL19
205        BL20
205        BL21
205        BL22
205        BL01
205        BL02
205        BL03
205        BL04
205        BL05
205        BL06
205        BL07
205        BL08
205        BL09
205        BL10
205        BL11
205        BL12
205        BL13
205        BL14
205        BL15
205        BL16
205        BL17
205        BL18
205        BL19
205        BL20
205        BL21
205        BL22
222       
206        BL01
206        BL02
206        BL03
206        BL04
206        BL05
206        BL06
206        BL07
206        BL08
206        BL09
206        BL10
206        BL11
206        BL12
206        BL13
206        BL14
206        BL15
206        BL16
206        BL17
206        BL18
206        BL19
206        BL20
206        BL21
206        BL22
223       
223        BL02
224       
224        BL02

224       
208        BL01
208        BL02
208        BL03
208        BL04
208        BL05
208        BL06
208        BL07
208        BL08
208        BL09
208        BL10
208        BL11
208        BL12
208        BL13
208        BL14
208        BL15
208        BL16
208        BL17
208        BL18
208        BL19
208        BL20
208        BL21
208        BL22
212       
212        BL02
213       
213        BL02

213       
214       
214        BL02
221        BL01
221        BL02
221        BL03
221        BL04
221        BL05
221        BL06
221        BL07
221        BL08
221        BL09
221        BL10
221        BL11
221        BL12
221        BL13
221        BL14
221        BL15
221        BL16
221        BL17
221        BL18
221        BL19
221        BL20
221        BL21
221        BL22
215       
216       
216        BL02
112       
112        R02
216       
217       
217        BL02
224        BL01
224        BL02
224        BL03
224        BL04
224        BL05
224        BL06
224        BL07
224        BL08
224        BL09
224        BL10
224        BL11
224        BL12
224        BL13
224        BL14
224        BL15
224        BL16
224        BL17
224        BL18
224        BL19
224        BL20
224        BL21
224        BL22

217       
218       
218        BL02
219       
219        BL02
213        BL01
213        BL02
213        BL03
213        BL04
213        BL05
213        BL06
213        BL07
213        BL08
213        BL09
213        BL10
213        BL11
213        BL12
213        BL13
213        BL14
213        BL15
213        BL16
213        BL17
213        BL18
213        BL19
213        BL20
213        BL21
213        BL22

219       
220       
220        BL02
221       
222       
216        BL01
216        BL02
216        BL03
216        BL04
216        BL05
216        BL06
216        BL07
216        BL08
216        BL09
216        BL10
216        BL11
216        BL12
216        BL13
216        BL14
216        BL15
216        BL16
216        BL17
216        BL18
216        BL19
216        BL20
216        BL21
216        BL22
222        BL01
223       
223        BL02
217        BL01
217        BL02
217        BL03
217        BL04
217        BL05
217        BL06
217        BL07
217        BL08
217        BL09
217        BL10
217        BL11
217        BL12
217        BL13
217        BL14
217        BL15
217        BL16
217        BL17
217        BL18
217        BL19
217        BL20
217        BL21
217        BL22
224       
224        BL02

224       
212       
219        BL01
219        BL02
219        BL03
219        BL04
219        BL05
219        BL06
219        BL07
219        BL08
219        BL04
219        BL08
219        BL09
219        BL10
219        BL11
219        BL12
219        BL13
219        BL14
219        BL15
219        BL16
219        BL17
219        BL18
219        BL19
219        BL20
219        BL21
219        BL22
212        BL01

212       
213       
213        BL03

213       
214       
215       

215       
216       

216       
216        BL01
217       
217        BL03
224        BL01
224        BL02
224        BL03
224        BL04
224        BL05
224        BL06
224        BL07
224        BL08
224        BL09
224        BL10
224        BL11
224        BL12
224        BL13
224        BL14
224        BL15
224        BL16
224        BL17
224        BL18
224        BL19
224        BL20
224        BL21
224        BL22
218       
218        BL02
212        BL01
212        BL02
212        BL03
212        BL04
212        BL05
212        BL06
212        BL07
212        BL08
212        BL09
212        BL10
212        BL11
212        BL12
212        BL13
212        BL14
212        BL15
212        BL16
212        BL17
212        BL18
212        BL19
212        BL20
212        BL21
212        BL22
213        BL01
213        BL02
213        BL03
213        BL04
213        BL05
213        BL06
213        BL07
213        BL08
213        BL09
213        BL13
213        BL09
213        BL10
213        BL11
213        BL12
213        BL13
213        BL14
213        BL15
213        BL16
213        BL17
213        BL18
213        BL19
213        BL20
213        BL21
213        BL22
219       
219        BL01
220       
220        BL01
221       
215        BL01
215        BL02
215        BL03
215        BL04
215        BL05
215        BL06
215        BL07
215        BL08
215        BL09
215        BL10
215        BL11
215        BL12
215        BL13
215        BL14
215        BL15
215        BL16
215        BL17
215        BL18
215        BL19
215        BL20
215        BL21
215        BL22
221        BL01

221       
222       
222        BL02

222       
223       
223        BL02

223       
224       
224        BL02
212       
212        BL02
213       
213        BL02
214       
214        BL02
221        BL01
221        BL02
221        BL03
221        BL04
221        BL05
221        BL06
221        BL07
221        BL08
221        BL09
221        BL10
221        BL11
221        BL12
221        BL13
221        BL14
221        BL15
221        BL16
221        BL17
221        BL18
221        BL19
221        BL20
221        BL21
221        BL22

214       
215       
215        BL02
222        BL01
222        BL02
222        BL03
222        BL04
222        BL05
222        BL06
222        BL07
222        BL08
222        BL09
222        BL10
222        BL11
222        BL12
222        BL13
222        BL14
222        BL15
222        BL16
222        BL17
222        BL18
222        BL19
222        BL20
222        BL21
222        BL22
216       
223        BL01
223        BL02
223        BL03
223        BL04
223        BL05
223        BL06
223        BL07
223        BL08
223        BL09
223        BL10
223        BL11
223        BL12
223        BL13
223        BL14
223        BL15
223        BL16
223        BL17
223        BL18
223        BL19
223        BL20
223        BL21
223        BL22

216       
217       
217        BL02
218       
218        BL02

218       
112       
218       
219       
219        BL02

219       
219        BL01
220       
220        BL02
214        BL01
214        BL02
214        BL03
214        BL04
214        BL05
214        BL06
214        BL07
214        BL08
214        BL09
214        BL10
214        BL11
214        BL12
214        BL13
214        BL14
214        BL15
214        BL16
214        BL17
214        BL18
214        BL19
214        BL20
214        BL21
214        BL22
221       
221        BL02
222       
222        BL02

222       
223       
223        BL02
224       
224        BL02

218        BL01
218        BL02
218        BL03
218        BL04
218        BL05
218        BL06
218        BL07
218        BL08
218        BL09
218        BL10
218        BL11
218        BL12
218        BL13
218        BL14
218        BL15
218        BL16
218        BL17
218        BL18
218        BL19
218        BL20
218        BL21
218        BL22
218        BL01
218        BL02
218        BL03
218        BL04
218        BL05
218        BL06
218        BL07
218        BL08
218        BL09
218        BL10
218        BL11
218        BL12
218        BL13
218        BL14
218        BL15
218        BL16
218        BL17
218        BL18
218        BL19
218        BL20
218        BL21
218        BL22
224       
212       
212        BL02

212       
213       
213        BL02

213       
214       
214        BL02
215       
215        BL02

215       
234       

234       
216       
105       
105        R15
216       
216        BL01
216        BL01
Process Process-194:
Traceback (most recent call last):
  File "crawl.py", line 44, in job
    res=xmltodict.parse(str(car_stat(trip_no).find("Detail")))["Detail"]
  File "/home/chen/.local/lib/python3.6/site-packages/xmltodict.py", line 327, in parse
    parser.Parse(xml_input, True)
xml.parsers.expat.ExpatError: syntax error: line 1, column 0

During handling of the above exception, another exception occurred:

Traceback (most recent call last):
  File "/usr/lib/python3.6/multiprocessing/process.py", line 258, in _bootstrap
    self.run()
  File "/usr/lib/python3.6/multiprocessing/process.py", line 93, in run
    self._target(*self._args, **self._kwargs)
  File "crawl.py", line 63, in job
    os.remove("data/BL/{}/eastbound/json/{}.json".format(out[x1[0]]["@updateTime"].split(" ")[0],out[x1[0]]["@updateTime"].split(" ")[1]))
FileNotFoundError: [Errno 2] No such file or directory: 'data/BL/2020-07-13/eastbound/json/16:34:49.json'

216       
217       
217        BL02

224        BL01
224        BL02
224        BL03
224        BL04
224        BL05
224        BL06
224        BL07
224        BL08
224        BL09
224        BL10
224        BL11
224        BL12
224        BL13
224        BL14
224        BL15
224        BL16
224        BL17
224        BL18
224        BL19
224        BL20
224        BL21
224        BL22
217       
202       

202       

202       
212        BL01
212        BL02
212        BL03
212        BL04
212        BL05
212        BL06
212        BL07
212        BL08
212        BL09
212        BL10
212        BL11
212        BL12
212        BL13
212        BL14
212        BL15
212        BL16
212        BL17
212        BL18
212        BL19
212        BL20
212        BL21
212        BL22
203       
203        BL02

203       
213        BL01
213        BL02
213        BL03
213        BL04
213        BL05
213        BL06
213        BL07
213        BL08
213        BL09
213        BL10
213        BL11
213        BL12
213        BL13
213        BL14
213        BL15
213        BL16
213        BL17
213        BL18
213        BL19
213        BL20
213        BL21
213        BL22
431       
203       
219       
219        BL01
220       
220        BL02
205       
215        BL01
215        BL02
215        BL03
215        BL04
215        BL05
215        BL06
215        BL07
215        BL08
215        BL09
215        BL10
215        BL11
215        BL13
215        BL14
215        BL15
215        BL16
215        BL17
215        BL18
215        BL19
215        BL20
215        BL21
215        BL22

205       
206       
206        BL02

234        BL01
234        BL02
234        BL03
234        BL04
234        BL05
234        BL07
234        BL08
234        BL09
234        BL10
234        BL11
234        BL12
234        BL13
234        BL14
234        BL15
234        BL16
234        BL17
234        BL18
234        BL19
234        BL20
234        BL21
234        BL22
206       
222       
223       
223        BL02
202        BL01
202        BL02
202        BL03
202        BL04
202        BL05
202        BL06
202        BL07
202        BL08
202        BL09
202        BL10
202        BL11
202        BL12
202        BL13
202        BL14
202        BL15
202        BL16
202        BL17
202        BL18
202        BL22
217        BL01
217        BL02
217        BL03
217        BL04
217        BL05
217        BL02
217        BL05
217        BL06
217        BL07
217        BL08
217        BL09
217        BL10
217        BL11
217        BL12
217        BL13
217        BL14
217        BL15
217        BL16
217        BL17
217        BL18
217        BL19
217        BL20
217        BL16
217        BL20
217        BL21
217        BL22
224       
224        BL02

202        BL01
202        BL02
202        BL03
202        BL04
202        BL05
202        BL06
202        BL07
202        BL08
202        BL09
202        BL10
202        BL11
202        BL12
202        BL13
202        BL14
202        BL15
202        BL16
202        BL17
202        BL18
202        BL19
202        BL20
202        BL21
202        BL22
202        BL01
202        BL02
202        BL03
202        BL04
202        BL05
202        BL06
202        BL07
202        BL08
202        BL09
202        BL10
202        BL11
202        BL12
202        BL13
202        BL14
202        BL15
202        BL16
202        BL17
202        BL18
202        BL19
202        BL20
202        BL21
202        BL22
224       
209       
209        BL02
203        BL01
203        BL02
203        BL03
203        BL04
203        BL05
203        BL06
203        BL07
203        BL08
203        BL09
203        BL10
203        BL11
203        BL12
203        BL13
203        BL14
203        BL15
203        BL16
203        BL17
203        BL18
203        BL19
203        BL20
203        BL21
203        BL22
203        BL01
203        BL02
203        BL03
203        BL04
203        BL05
203        BL06
203        BL07
203        BL08
203        BL09
203        BL10
203        BL11
203        BL12
203        BL13
203        BL14
203        BL15
203        BL16
203        BL17
203        BL18
203        BL19
203        BL20
203        BL21
203        BL22
212       
212        BL02
205        BL01
205        BL02
205        BL03
205        BL04
205        BL05
205        BL06
205        BL07
205        BL08
205        BL09
205        BL10
205        BL11
205        BL12
205        BL13
213       
213        BL02
211       
211        BL02

211       
205        BL01
205        BL21
205        BL01
205        BL02
205        BL03
205        BL04
205        BL05
205        BL06
205        BL07
205        BL08
205        BL09
205        BL10
205        BL11
205        BL12
205        BL13
205        BL15
205        BL16
205        BL17
205        BL18
205        BL19
205        BL20
205        BL21
205        BL22
201       
201        BL02
No handles with labels found to put in legend.
206        BL01
206        BL02
206        BL03
206        BL04
206        BL05
206        BL06
206        BL07
206        BL08
206        BL09
206        BL10
206        BL11
206        BL12
206        BL13
206        BL14
206        BL15
206        BL16
206        BL17
206        BL18
206        BL19
206        BL20
206        BL21
206        BL22
233       
233        BL02

233       
No handles with labels found to put in legend.
222        BL01
222        BL02
222        BL03
222        BL04
222        BL05
222        BL06
222        BL07
222        BL08
222        BL09
222        BL10
222        BL11
222        BL12
222        BL14
222        BL12
222        BL13
222        BL07
222        BL13
222        BL14
222        BL15
222        BL16
222        BL17
222        BL18
222        BL19
222        BL20
222        BL21
222        BL22
218       
218        BL02

218       
235       
235        BL02
224        BL01
224        BL02
224        BL03
224        BL04
224        BL05
224        BL06
224        BL07
224        BL08
224        BL09
224        BL10
224        BL11
224        BL12
224        BL13
224        BL14
224        BL15
224        BL16
224        BL17
224        BL18
224        BL19
224        BL20
224        BL21
224        BL22

235       
204       

204       
431       
204       
236       
236        BL02
221       
221        BL02

221       
219       
219        BL01
211        BL01
211        BL02
211        BL03
211        BL04
211        BL05
211        BL06
211        BL07
211        BL08
211        BL09
211        BL10
211        BL11
211        BL12
211        BL13
211        BL14
211        BL15
211        BL16
211        BL17
211        BL18
211        BL19
211        BL20
211        BL22
237       
237        BL02

237       
207       
205       
205        BL02
233        BL01
233        BL02
233        BL03
233        BL04
233        BL05
233        BL06
233        BL07
233        BL08
233        BL09
233        BL10
233        BL11
233        BL12
233        BL13
233        BL14
233        BL05
233        BL15
233        BL16
233        BL17
233        BL18
233        BL19
233        BL20
233        BL21
233        BL22

205       
208       
218        BL01
218        BL02
218        BL03
218        BL04
218        BL05
218        BL06
218        BL07
218        BL08
218        BL09
218        BL19
218        BL09
218        BL10
218        BL11
218        BL04
218        BL11
218        BL12
218        BL13
218        BL14
218        BL15
218        BL16
218        BL17
218        BL18
218        BL19
218        BL20
218        BL21
218        BL22
206       
235        BL01
235        BL02
235        BL03
235        BL04
235        BL05
235        BL06
235        BL07
235        BL08
235        BL09
235        BL10
235        BL11
235        BL12
235        BL13
235        BL14
235        BL15
235        BL16
235        BL17
235        BL18
235        BL19
235        BL20
235        BL21
235        BL22
222       
223       
204        BL01
204        BL02
204        BL03
204        BL04
204        BL11
204        BL04
204        BL05
204        BL06
204        BL07
204        BL08
204        BL09
204        BL10
204        BL11
204        BL12
204        BL13
204        BL14
204        BL15
204        BL16
204        BL17
204        BL18
204        BL19
204        BL20
204        BL21
204        BL22
204        BL01
204        BL02
204        BL03
204        BL04
204        BL05
204        BL06
204        BL07
204        BL08
204        BL09
204        BL10
204        BL11
204        BL12
204        BL13
204        BL14
204        BL15
204        BL16
204        BL17
204        BL18
204        BL19
204        BL20
204        BL21
204        BL22

223       
224       

224       
209       
221        BL01
221        BL02
221        BL03
221        BL04
221        BL05
221        BL06
221        BL07
221        BL08
221        BL09
221        BL10
221        BL11
221        BL12
221        BL13
221        BL14
221        BL15
221        BL17
221        BL18
221        BL19
221        BL20
221        BL21
221        BL22
212       
237        BL01
237        BL02
237        BL03
237        BL04
237        BL05
237        BL06
237        BL07
237        BL08
237        BL09
237        BL10
237        BL11
237        BL12
237        BL13
237        BL14
237        BL15
237        BL16
237        BL17
237        BL18
237        BL13
237        BL18
237        BL19
237        BL20
237        BL21
237        BL22
213       

213       
224        BL01
224        BL02
224        BL03
224        BL10
224        BL03
224        BL04
224        BL05
224        BL06
224        BL07
224        BL22
207        BL01
207        BL02
207        BL03
207        BL04
207        BL05
207        BL06
207        BL07
207        BL08
207        BL09
207        BL10
207        BL11
207        BL12
207        BL13
207        BL14
207        BL15
207        BL16
207        BL17
207        BL18
207        BL19
207        BL20
207        BL21
207        BL22
211       
211        BL02

205        BL01
205        BL02
205        BL03
205        BL04
205        BL05
205        BL06
205        BL07
205        BL08
205        BL09
205        BL10
205        BL11
205        BL12
205        BL13
205        BL14
205        BL15
205        BL16
205        BL17
205        BL18
205        BL19
205        BL20
205        BL21
205        BL22
211       
208        BL01
208        BL02
208        BL03
208        BL04
208        BL05
208        BL06
208        BL07
208        BL08
208        BL09
208        BL10
208        BL11
208        BL12
208        BL13
208        BL14
208        BL15
208        BL16
208        BL17
208        BL05
208        BL17
208        BL18
208        BL19
208        BL20
208        BL21
208        BL22
201       
233       
233        BL02
206        BL01
206        BL02
206        BL03
206        BL04
206        BL05
206        BL06
206        BL07
206        BL08
206        BL09
206        BL10
206        BL11
206        BL12
206        BL13
206        BL01
206        BL13
206        BL14
206        BL15
206        BL16
206        BL17
206        BL18
206        BL19
206        BL20
206        BL21
206        BL22
218       
218        BL02
222        BL01
222        BL02
222        BL03
222        BL04
222        BL05
222        BL06
222        BL07
222        BL08
222        BL09
222        BL10
222        BL11
222        BL13
222        BL14
222        BL15
222        BL16
222        BL17
222        BL18
222        BL19
222        BL20
222        BL21
222        BL22

223        BL01
223        BL02
223        BL03
223        BL11
223        BL03
223        BL04
223        BL05
223        BL06
223        BL07
223        BL08
223        BL09
223        BL10
223        BL11
223        BL12
223        BL13
223        BL14
223        BL15
223        BL16
223        BL17
223        BL18
223        BL19
223        BL20
223        BL21
223        BL22
223        BL01
223        BL02
223        BL03
223        BL04
223        BL05
223        BL06
223        BL07
223        BL08
223        BL09
223        BL10
223        BL11
223        BL12
223        BL13
223        BL14
223        BL15
223        BL16
223        BL17
223        BL18
223        BL19
223        BL20
223        BL21
223        BL22
218       
235       
224        BL01
224        BL02
224        BL03
224        BL04
224        BL05
224        BL06
224        BL07
224        BL08
224        BL09
224        BL10
224        BL11
224        BL12
224        BL13
224        BL14
224        BL15
224        BL16
224        BL17
224        BL18
224        BL19
224        BL20
224        BL21
224        BL22
235        BL01
122       
235       
209        BL01
209        BL02
209        BL03
209        BL04
209        BL05
209        BL06
209        BL07
209        BL08
209        BL09
209        BL10
209        BL11
209        BL13
209        BL11
209        BL12
209        BL13
209        BL14
209        BL15
209        BL16
209        BL17
209        BL18
209        BL19
209        BL20
209        BL21
209        BL22
204       
204        BL01

204       
220       
220        BL01
213        BL01
213        BL02
213        BL03
213        BL04
213        BL05
213        BL06
213        BL07
213        BL08
213        BL09
213        BL10
213        BL11
213        BL12
213        BL13
213        BL14
213        BL15
213        BL16
213        BL17
213        BL18
213        BL19
213        BL20
213        BL21
213        BL22
213        BL01
213        BL02
213        BL03
213        BL04
213        BL05
213        BL06
213        BL07
213        BL08
213        BL09
213        BL10
213        BL11
213        BL12
213        BL13
213        BL14
213        BL15
213        BL16
213        BL17
213        BL13
213        BL17
213        BL18
213        BL19
213        BL20
213        BL21
213        BL22
219       
211        BL01
211        BL02
211        BL03
211        BL04
211        BL05
211        BL06
211        BL07
211        BL08
211        BL09
211        BL10
211        BL11
211        BL12
211        BL13
211        BL14
211        BL15
211        BL16
211        BL17
211        BL18
211        BL19
211        BL20
211        BL21
211        BL22
201        BL01
201        BL02
201        BL03
201        BL04
201        BL05
201        BL06
201        BL07
201        BL08
201        BL09
201        BL10
201        BL11
201        BL12
201        BL13
201        BL14
201        BL15
201        BL16
201        BL17
201        BL18
201        BL19
201        BL20
201        BL21
201        BL22
237       
237        BL01

237       
240       
240        BL03
218        BL01
218        BL02
218        BL03
218        BL04
218        BL05
218        BL06
218        BL07
218        BL08
218        BL09
218        BL10
218        BL11
218        BL12
218        BL13
218        BL14
218        BL15
218        BL17
218        BL18
218        BL19
218        BL20
218        BL21
218        BL22
222       
222        BL03
235        BL01
235        BL02
235        BL03
235        BL04
235        BL05
235        BL06
235        BL07
235        BL08
235        BL09
235        BL14
235        BL09
235        BL10
235        BL11
235        BL12
235        BL13
235        BL14
235        BL15
235        BL16
235        BL17
235        BL18
235        BL19
235        BL20
235        BL21
235        BL22
234       
234        BL03

234       
204        BL01
204        BL02
204        BL03
204        BL04
204        BL05
204        BL06
204        BL07
204        BL08
204        BL09
204        BL10
204        BL11
204        BL12
204        BL13
204        BL14
204        BL15
204        BL16
204        BL17
204        BL18
204        BL19
204        BL20
204        BL21
204        BL22
209       
209        BL03
212       
212        BL03
202       
202        BL03

202       
237        BL01
237        BL02
237        BL03
237        BL04
237        BL12
237        BL04
237        BL05
237        BL06
237        BL07
237        BL08
237        BL09
237        BL10
237        BL11
237        BL12
237        BL13
237        BL14
237        BL15
237        BL16
237        BL17
237        BL18
237        BL19
237        BL20
237        BL21
237        BL22
201       
201        BL02

201       
233       
233        BL02

233       
218       
218        BL02

218       
235       
235        BL02
204       
204        BL02
220       
220        BL02
202        BL01
202        BL02
202        BL03
202        BL04
202        BL05
202        BL06
202        BL07
202        BL08
202        BL09
202        BL10
202        BL11
202        BL12
202        BL13
202        BL14
202        BL10
202        BL14
202        BL15
202        BL16
202        BL17
202        BL18
202        BL19
202        BL20
202        BL21
202        BL22
219       
219        BL02
201        BL01
201        BL02
201        BL03
201        BL04
201        BL05
201        BL06
201        BL07
201        BL08
201        BL09
201        BL19
201        BL09
201        BL10
201        BL11
201        BL12
201        BL13
201        BL14
201        BL15
201        BL16
201        BL17
201        BL18
201        BL19
201        BL20
201        BL21
201        BL22
237       
237        BL02

237       
233        BL01
233        BL02
233        BL03
233        BL04
233        BL05
233        BL06
233        BL07
233        BL08
233        BL09
233        BL10
233        BL11
233        BL12
233        BL13
233        BL14
233        BL15
233        BL16
233        BL17
233        BL18
233        BL19
233        BL20
233        BL21
233        BL22
240       
240        BL02

240       
218        BL01
218        BL02
218        BL03
218        BL04
218        BL05
218        BL06
218        BL07
218        BL08
218        BL09
218        BL10
218        BL11
218        BL12
218        BL13
218        BL14
218        BL15
218        BL16
218        BL17
218        BL18
218        BL19
218        BL20
218        BL21
218        BL22
222       
222        BL02

222       
234       
234        BL02
209       
209        BL02
212       
212        BL02

212       
202       
212        BL01
237        BL01
237        BL02
237        BL03
237        BL04
237        BL05
237        BL06
237        BL07
237        BL08
237        BL09
237        BL10
237        BL11
237        BL12
237        BL13
237        BL14
237        BL15
237        BL16
237        BL17
237        BL18
237        BL19
237        BL20
237        BL21
237        BL22
201       
240        BL01
240        BL02
240        BL03
240        BL04
240        BL05
240        BL06
240        BL07
240        BL08
240        BL09
240        BL10
240        BL11
240        BL12
240        BL13
240        BL14
240        BL15
240        BL16
240        BL17
240        BL18
240        BL20
240        BL21
240        BL22

201       
233       
222        BL01
222        BL02
222        BL03
222        BL04
222        BL05
222        BL06
222        BL07
222        BL08
222        BL09
222        BL10
222        BL11
222        BL12
222        BL13
222        BL14
222        BL16
222        BL17
222        BL18
222        BL19
222        BL20
222        BL21
222        BL22
218       
218        BL02

218       
235       
235        BL02
204       
204        BL02

204       
220       
220        BL02

220       
219       

219       
219        BL01

201        BL01
201        BL02
201        BL03
201        BL04
201        BL05
201        BL06
201        BL07
201        BL08
201        BL09
201        BL10
201        BL11
201        BL12
201        BL13
201        BL14
201        BL15
201        BL16
201        BL17
201        BL18
201        BL19
201        BL20
201        BL21
219       
219        BL02
218        BL01
218        BL02
218        BL03
218        BL04
218        BL05
218        BL06
218        BL07
218        BL08
218        BL09
218        BL10
218        BL11
218        BL12
218        BL13
218        BL14
218        BL15
218        BL16
218        BL17
218        BL18
218        BL19
218        BL20
218        BL21

204        BL01
204        BL18
204        BL01
204        BL02
204        BL03
204        BL04
204        BL05
204        BL06
204        BL07
204        BL08
204        BL09
204        BL10
204        BL11
204        BL12
204        BL13
204        BL14
204        BL15
204        BL16
204        BL17
204        BL18
204        BL19
204        BL20
204        BL21
220        BL01
220        BL02
220        BL03
220        BL04
220        BL05
220        BL06
220        BL07
220        BL08
220        BL09
220        BL10
220        BL11
220        BL12
220        BL13
220        BL14
220        BL15
220        BL16
220        BL17
220        BL18
220        BL19
220        BL20
220        BL21
213       
204       
204        BL02
227       
213       
213        BL02
201       
201        BL02

201       
217       
217        BL01
Process Process-354:
Traceback (most recent call last):
  File "crawl.py", line 44, in job
    res=xmltodict.parse(str(car_stat(trip_no).find("Detail")))["Detail"]
  File "/home/chen/.local/lib/python3.6/site-packages/xmltodict.py", line 327, in parse
    parser.Parse(xml_input, True)
xml.parsers.expat.ExpatError: syntax error: line 1, column 0

During handling of the above exception, another exception occurred:

Traceback (most recent call last):
  File "/usr/lib/python3.6/multiprocessing/process.py", line 258, in _bootstrap
    self.run()
  File "/usr/lib/python3.6/multiprocessing/process.py", line 93, in run
    self._target(*self._args, **self._kwargs)
  File "crawl.py", line 63, in job
    os.remove("data/BL/{}/eastbound/json/{}.json".format(out[x1[0]]["@updateTime"].split(" ")[0],out[x1[0]]["@updateTime"].split(" ")[1]))
FileNotFoundError: [Errno 2] No such file or directory: 'data/BL/2020-07-14/eastbound/json/06:26:08.json'
216       

216       
230       
230        BL01

230       
207       
207        BL01
Process Process-361:
Traceback (most recent call last):
  File "crawl.py", line 44, in job
    res=xmltodict.parse(str(car_stat(trip_no).find("Detail")))["Detail"]
  File "/home/chen/.local/lib/python3.6/site-packages/xmltodict.py", line 327, in parse
    parser.Parse(xml_input, True)
xml.parsers.expat.ExpatError: syntax error: line 1, column 0

During handling of the above exception, another exception occurred:

Traceback (most recent call last):
  File "/usr/lib/python3.6/multiprocessing/process.py", line 258, in _bootstrap
    self.run()
  File "/usr/lib/python3.6/multiprocessing/process.py", line 93, in run
    self._target(*self._args, **self._kwargs)
  File "crawl.py", line 63, in job
    os.remove("data/BL/{}/eastbound/json/{}.json".format(out[x1[0]]["@updateTime"].split(" ")[0],out[x1[0]]["@updateTime"].split(" ")[1]))
FileNotFoundError: [Errno 2] No such file or directory: 'data/BL/2020-07-14/eastbound/json/06:44:50.json'
227        BL01
227        BL02
227        BL03
227        BL04
227        BL05
227        BL06
227        BL07
227        BL08
227        BL09
227        BL10
227        BL11
227        BL12
227        BL13
227        BL14
227        BL15
227        BL16
227        BL12
227        BL16
227        BL17
227        BL18
227        BL19
227        BL20
227        BL09
227        BL20
227        BL21
227        BL22
231       
231        BL01
Process Process-362:
Traceback (most recent call last):
  File "crawl.py", line 44, in job
    res=xmltodict.parse(str(car_stat(trip_no).find("Detail")))["Detail"]
  File "/home/chen/.local/lib/python3.6/site-packages/xmltodict.py", line 327, in parse
    parser.Parse(xml_input, True)
xml.parsers.expat.ExpatError: syntax error: line 1, column 0

During handling of the above exception, another exception occurred:

Traceback (most recent call last):
  File "/usr/lib/python3.6/multiprocessing/process.py", line 258, in _bootstrap
    self.run()
  File "/usr/lib/python3.6/multiprocessing/process.py", line 93, in run
    self._target(*self._args, **self._kwargs)
  File "crawl.py", line 63, in job
    os.remove("data/BL/{}/eastbound/json/{}.json".format(out[x1[0]]["@updateTime"].split(" ")[0],out[x1[0]]["@updateTime"].split(" ")[1]))
FileNotFoundError: [Errno 2] No such file or directory: 'data/BL/2020-07-14/eastbound/json/06:51:24.json'
219       
232       
201        BL01
201        BL02
201        BL03
201        BL04
201        BL05
201        BL06
201        BL07
201        BL08
201        BL09
201        BL10
201        BL11
201        BL12
201        BL13
201        BL14
201        BL15
201        BL16
201        BL17
201        BL18
201        BL19
201        BL20
201        BL21
201        BL22
210       
211       
216        BL01
216        BL02
216        BL03
216        BL04
216        BL05
216        BL06
216        BL07
216        BL08
216        BL09
216        BL10
216        BL11
216        BL12
216        BL13
216        BL14
216        BL15
216        BL16
216        BL17
216        BL18
216        BL19
216        BL20
216        BL21
216        BL22
224       
224        BL01
212       
230        BL01
230        BL02
230        BL03
230        BL04
230        BL05
230        BL06
230        BL07
230        BL08
230        BL09
230        BL10
230        BL11
230        BL12
230        BL13
230        BL14
230        BL15
230        BL16
230        BL17
230        BL18
230        BL19
230        BL20
230        BL21
230        BL22
106       
106        R25
212       
202       
203       
204       
204        BL01
Process Process-373:
Traceback (most recent call last):
  File "crawl.py", line 44, in job
    res=xmltodict.parse(str(car_stat(trip_no).find("Detail")))["Detail"]
  File "/home/chen/.local/lib/python3.6/site-packages/xmltodict.py", line 327, in parse
    parser.Parse(xml_input, True)
xml.parsers.expat.ExpatError: syntax error: line 1, column 0

During handling of the above exception, another exception occurred:

Traceback (most recent call last):
  File "/usr/lib/python3.6/multiprocessing/process.py", line 258, in _bootstrap
    self.run()
  File "/usr/lib/python3.6/multiprocessing/process.py", line 93, in run
    self._target(*self._args, **self._kwargs)
  File "crawl.py", line 63, in job
    os.remove("data/BL/{}/eastbound/json/{}.json".format(out[x1[0]]["@updateTime"].split(" ")[0],out[x1[0]]["@updateTime"].split(" ")[1]))
FileNotFoundError: [Errno 2] No such file or directory: 'data/BL/2020-07-14/eastbound/json/07:43:30.json'
227       
213       
205       
205        BL02
210        BL01
210        BL02
210        BL03
210        BL04
210        BL05
210        BL06
210        BL07
210        BL08
210        BL09
210        BL10
210        BL11
210        BL12
210        BL13
210        BL14
210        BL15
210        BL16
210        BL17
210        BL18
210        BL19
210        BL20
210        BL21
210        BL22
206       
206        BL02
211        BL01
211        BL02
211        BL03
211        BL04
211        BL05
211        BL06
211        BL07
211        BL08
211        BL09
211        BL10
211        BL11
211        BL12
211        BL13
211        BL14
211        BL15
211        BL16
211        BL17
211        BL18
211        BL19
211        BL20
Process Process-366:
Traceback (most recent call last):
  File "crawl.py", line 44, in job
    res=xmltodict.parse(str(car_stat(trip_no).find("Detail")))["Detail"]
  File "/home/chen/.local/lib/python3.6/site-packages/xmltodict.py", line 327, in parse
    parser.Parse(xml_input, True)
xml.parsers.expat.ExpatError: syntax error: line 1, column 0

During handling of the above exception, another exception occurred:

Traceback (most recent call last):
  File "/usr/lib/python3.6/multiprocessing/process.py", line 258, in _bootstrap
    self.run()
  File "/usr/lib/python3.6/multiprocessing/process.py", line 93, in run
    self._target(*self._args, **self._kwargs)
  File "crawl.py", line 63, in job
    os.remove("data/BL/{}/eastbound/json/{}.json".format(out[x1[0]]["@updateTime"].split(" ")[0],out[x1[0]]["@updateTime"].split(" ")[1]))
FileNotFoundError: [Errno 2] No such file or directory: 'data/BL/2020-07-14/eastbound/json/07:16:54.json'
217       
217        BL02
443       
217       
217        BL02
218       
218        BL02
212        BL01
212        BL02
212        BL03
212        BL04
212        BL05
212        BL06
212        BL07
212        BL08
212        BL09
212        BL10
212        BL11
212        BL12
212        BL13
212        BL14
212        BL15
212        BL16
212        BL17
212        BL18
212        BL19
212        BL20
212        BL21
212        BL22
212        BL01
212        BL02
212        BL03
212        BL04
212        BL05
212        BL06
212        BL07
212        BL08
212        BL09
212        BL10
212        BL11
212        BL12
212        BL13
212        BL14
212        BL15
212        BL16
212        BL17
212        BL18
212        BL19
212        BL20
212        BL21
212        BL22
216       
230       
230        BL02
202        BL01
202        BL02
202        BL03
202        BL04
202        BL05
202        BL06
202        BL07
202        BL08
202        BL09
202        BL10
202        BL11
202        BL12
202        BL13
202        BL14
202        BL15
202        BL16
202        BL17
202        BL18
202        BL19
202        BL20
202        BL21
202        BL22
207       
207        BL02

207       
231       
231        BL02
219       
219        BL02
227        BL01
227        BL02
227        BL03
227        BL04
227        BL05
227        BL06
227        BL07
227        BL08
227        BL09
227        BL10
227        BL11
227        BL12
227        BL13
227        BL14
227        BL15
227        BL16
227        BL17
227        BL18
227        BL19
227        BL20
227        BL21
227        BL22
232       
232        BL02
210       
210        BL02

210       
211       
211        BL02

211       
224       
224        BL02
216        BL01
216        BL02
216        BL03
216        BL04
216        BL05
216        BL06
216        BL07
216        BL08
216        BL09
216        BL10
216        BL11
216        BL12
216        BL13
216        BL14
216        BL15
216        BL16
216        BL17
216        BL18
216        BL19
216        BL20
216        BL21
216        BL22
212       
212        BL02

212       
202       
202        BL02
207        BL01
207        BL02
207        BL03
207        BL04
207        BL05
207        BL06
207        BL07
207        BL08
207        BL09
207        BL10
207        BL11
207        BL12
207        BL13
207        BL14
207        BL15
207        BL16
207        BL17
207        BL18
207        BL19
207        BL20
207        BL21
207        BL22
203       
203        BL02

203       
204       
204        BL02
307       
204       
204        BL02

204       
215       
210        BL01
210        BL02
210        BL03
210        BL04
210        BL05
210        BL06
210        BL07
210        BL08
210        BL09
210        BL10
210        BL11
210        BL12
210        BL13
210        BL14
210        BL15
210        BL16
210        BL17
210        BL18
210        BL19
210        BL20
210        BL21
210        BL22
205       
206       
206        BL02
211        BL01
211        BL02
211        BL03
211        BL04
211        BL05
211        BL06
211        BL07
211        BL08
211        BL09
211        BL10
211        BL11
211        BL12
211        BL13
211        BL14
211        BL15
211        BL16
211        BL17
211        BL18
211        BL19
211        BL20
211        BL21
211        BL22

206       
217       
218       
208       
217        BL01
217        BL02
217        BL03
217        BL04

208       
209       
203        BL01
203        BL02
203        BL03
203        BL04
203        BL05
203        BL06
203        BL07
203        BL08
203        BL09
203        BL10
203        BL11
203        BL12
203        BL13
203        BL08
203        BL13
203        BL14
203        BL15
203        BL16
203        BL17
203        BL18
203        BL19
203        BL20
203        BL21
203        BL22
114       
209       
220       

220       
204        BL01
204        BL02
204        BL03
204        BL04
204        BL05
204        BL06
204        BL05
204        BL06
204        BL07
204        BL05
204        BL07
204        BL08
204        BL09
204        BL10
204        BL11
204        BL12
204        BL13
204        BL14
204        BL15
204        BL16
204        BL17
204        BL18
204        BL19
204        BL20
204        BL21
204        BL02
204        BL21
204        BL22
221       
221        BL01
215        BL01
215        BL02
215        BL03
215        BL04
215        BL05
215        BL06
215        BL07
215        BL08
215        BL09
215        BL10
215        BL11
215        BL12
215        BL13
215        BL14
215        BL15
215        BL16
215        BL17
215        BL18
215        BL19
215        BL20
215        BL21
215        BL03
215        BL21
215        BL22
220        BL01
220        BL03
220        BL01
220        BL02
220        BL03
220        BL01
220        BL02
220        BL03
Process Process-424:
Traceback (most recent call last):
  File "crawl.py", line 44, in job
    res=xmltodict.parse(str(car_stat(trip_no).find("Detail")))["Detail"]
  File "/home/chen/.local/lib/python3.6/site-packages/xmltodict.py", line 327, in parse
    parser.Parse(xml_input, True)
xml.parsers.expat.ExpatError: syntax error: line 1, column 0

During handling of the above exception, another exception occurred:

Traceback (most recent call last):
  File "/usr/lib/python3.6/multiprocessing/process.py", line 258, in _bootstrap
    self.run()
  File "/usr/lib/python3.6/multiprocessing/process.py", line 93, in run
    self._target(*self._args, **self._kwargs)
  File "crawl.py", line 63, in job
    os.remove("data/BL/{}/eastbound/json/{}.json".format(out[x1[0]]["@updateTime"].split(" ")[0],out[x1[0]]["@updateTime"].split(" ")[1]))
FileNotFoundError: [Errno 2] No such file or directory: 'data/BL/2020-07-14/eastbound/json/10:16:57.json'
205        BL01
205        BL02
205        BL03
205        BL04
205        BL05
205        BL06
205        BL07
205        BL08
205        BL09
205        BL10
205        BL11
205        BL12
205        BL13
205        BL14
205        BL15
205        BL16
205        BL20
205        BL16
205        BL17
205        BL18
205        BL19
205        BL20
205        BL21
205        BL22
222       

222        BL01
222       
206        BL01
206        BL02
206        BL03
206        BL04
206        BL05
206        BL06
206        BL07
206        BL08
206        BL09
206        BL10
206        BL11
206        BL12
206        BL13
206        BL14
206        BL15
206        BL16
206        BL17
206        BL18
206        BL19
206        BL20
206        BL21
206        BL22
223       
223        BL02
224       
224        BL02

224       
208        BL01
208        BL02
208        BL03
208        BL04
208        BL05
208        BL06
208        BL07
208        BL08
208        BL09
208        BL10
208        BL11
208        BL12
208        BL13
208        BL14
208        BL15
208        BL16
208        BL17
208        BL18
208        BL19
208        BL20
208        BL21
208        BL22
212       
212        BL02
222        BL01
222        BL02
222        BL03
222        BL04
222        BL05
222        BL06
222        BL07
222        BL08

212       
209        BL01
209        BL02
209        BL03
209        BL04
209        BL05
209        BL06
209        BL21
209        BL06
209        BL07
209        BL08
209        BL09
209        BL02
209        BL09
209        BL10
209        BL11
209        BL12
209        BL13
209        BL14
209        BL15
209        BL16
209        BL17
209        BL18
209        BL05
209        BL18
209        BL19
209        BL20
209        BL21
209        BL22
213       
213        BL02
214       
214        BL02

214       
215       
215        BL02

215       
216       
216        BL02
217       
217        BL02
224        BL01
224        BL02
224        BL03
224        BL04
224        BL05
224        BL06
224        BL07
224        BL08
224        BL09
224        BL10
224        BL11
224        BL12
224        BL13
224        BL14
224        BL15
224        BL16
224        BL17
224        BL18
224        BL19
224        BL20
224        BL21
224        BL22
218       
218        BL02

212        BL01
212        BL02
212        BL03
212        BL04
212        BL05
212        BL06
212        BL07
212        BL08
212        BL09
212        BL10
212        BL11
212        BL12
212        BL13
212        BL14
212        BL15
212        BL16
212        BL17
212        BL18
212        BL19
212        BL20
212        BL21
212        BL22
218       
219       
219        BL02

219       
220       
220        BL02
214        BL01
214        BL02
214        BL05
214        BL02
214        BL03
214        BL04
214        BL05
214        BL06
214        BL07
214        BL08
214        BL09
214        BL10
214        BL11
214        BL12
214        BL13
214        BL14
214        BL15
214        BL16
214        BL17
214        BL18
214        BL19
214        BL20
214        BL21
214        BL22
221       

221        BL01
Process Process-452:
Traceback (most recent call last):
  File "crawl.py", line 44, in job
    res=xmltodict.parse(str(car_stat(trip_no).find("Detail")))["Detail"]
  File "/home/chen/.local/lib/python3.6/site-packages/xmltodict.py", line 327, in parse
    parser.Parse(xml_input, True)
xml.parsers.expat.ExpatError: syntax error: line 1, column 0

During handling of the above exception, another exception occurred:

Traceback (most recent call last):
  File "/usr/lib/python3.6/multiprocessing/process.py", line 258, in _bootstrap
    self.run()
  File "/usr/lib/python3.6/multiprocessing/process.py", line 93, in run
    self._target(*self._args, **self._kwargs)
  File "crawl.py", line 63, in job
    os.remove("data/BL/{}/eastbound/json/{}.json".format(out[x1[0]]["@updateTime"].split(" ")[0],out[x1[0]]["@updateTime"].split(" ")[1]))
FileNotFoundError: [Errno 2] No such file or directory: 'data/BL/2020-07-14/eastbound/json/12:01:54.json'
215        BL01
215        BL02
215        BL03
215        BL04
215        BL05
215        BL06
215        BL07
215        BL08
215        BL09
215        BL18
215        BL10
215        BL11
215        BL12
215        BL13
215        BL14
215        BL15
215        BL16
215        BL17
215        BL18
215        BL19
215        BL20
215        BL21
215        BL22
221       
221        BL01
222       
223       
223        BL03

223       
224       
224        BL02
218        BL01
218        BL02
218        BL03
218        BL04
218        BL05
218        BL06
218        BL07
218        BL08
218        BL09
218        BL10
218        BL11
218        BL12
218        BL13
218        BL14
218        BL15
218        BL16
218        BL17
218        BL18
218        BL19
218        BL20
218        BL21
218        BL22
212       
212        BL02
219        BL01
219        BL02
219        BL03
219        BL04
219        BL05
219        BL06
219        BL07
219        BL08
219        BL09
219        BL10
219        BL11
219        BL12
219        BL13
219        BL14
219        BL06
219        BL14
219        BL15
219        BL16
219        BL17
219        BL18
219        BL19
219        BL20
219        BL21
219        BL22
213       
213        BL01
214       
214        BL03

214       
215       
215        BL03
216       

223        BL01
223        BL02
223        BL03
223        BL04
223        BL05
223        BL06
223        BL07
223        BL08
223        BL09
223        BL10
223        BL11
223        BL12
223        BL13
223        BL14
223        BL15
223        BL16
223        BL17
223        BL18
223        BL19
223        BL20
223        BL21
223        BL22
216       
217       
217        BL01
218       
408       
218       
219       
219        BL02

219       
220       
220        BL02
214        BL01
214        BL02
214        BL03
214        BL04
214        BL05
214        BL06
214        BL07
214        BL08
214        BL09
214        BL10
214        BL11
214        BL12
214        BL13
214        BL14
214        BL15
214        BL16
214        BL17
214        BL18
214        BL19
214        BL20
214        BL21
214        BL22

220       
221       
221        BL02

221       
222       

216        BL01
216        BL02
216        BL03
216        BL04
216        BL05
216        BL06
216        BL07
216        BL08
216        BL09
216        BL10
216        BL11
216        BL12
216        BL13
216        BL14
216        BL15
216        BL16
216        BL17
216        BL18
216        BL19
216        BL20
216        BL21
216        BL22
222       
223       
223        BL02

223       
224       
224        BL02

224       
212       
212        BL02
219        BL01
219        BL02
219        BL03
219        BL04
219        BL05
219        BL06
219        BL07
219        BL08
219        BL09
219        BL10
219        BL11
219        BL12
219        BL13
219        BL14
219        BL15
219        BL16
219        BL17
219        BL18
219        BL19
219        BL20
219        BL21
219        BL22

212       
213       
213        BL02
220        BL01
220        BL02
220        BL03
220        BL04
220        BL05
220        BL06
220        BL07
220        BL08
220        BL09
220        BL10
220        BL11
220        BL12
220        BL13
220        BL14
220        BL15
220        BL16
220        BL17
220        BL18
220        BL19
220        BL20
220        BL12
220        BL20
220        BL21
220        BL22
214       
214        BL02
221        BL01
221        BL02
221        BL03
221        BL04
221        BL05
221        BL06
221        BL07
221        BL08
221        BL09
221        BL10
221        BL11
221        BL12
221        BL13
221        BL14
221        BL15
221        BL16
221        BL17
221        BL18
221        BL19
221        BL20
221        BL21
221        BL22
215       
215        BL02
222        BL01
222        BL02
222        BL03
222        BL04
222        BL05
222        BL06
222        BL07
222        BL08
222        BL09
222        BL10
222        BL11
222        BL12
222        BL13
222        BL14
222        BL15
222        BL16
222        BL17
222        BL18
222        BL19
222        BL20
222        BL21
222        BL22

215       
216       
216        BL02
223        BL01
223        BL02
223        BL03
223        BL04
223        BL05
223        BL06
223        BL07
223        BL08
223        BL09
223        BL10
223        BL11
223        BL12
223        BL13
223        BL14
223        BL15
223        BL16
223        BL17
223        BL18
223        BL19
223        BL20
223        BL21
223        BL22
217       
217        BL02
224        BL01
224        BL02
224        BL03
224        BL04
224        BL05
224        BL06
224        BL07
224        BL08
224        BL09
224        BL16
224        BL09
224        BL10
224        BL11
224        BL12
224        BL13
224        BL14
224        BL15
224        BL16
224        BL17
224        BL18
224        BL19
224        BL20
224        BL21
224        BL22
218       
218        BL02
212        BL01
212        BL02
212        BL03
212        BL04
212        BL05
212        BL06
212        BL07
212        BL08
212        BL09
212        BL10
212        BL11
212        BL12
212        BL13
212        BL14
212        BL15
212        BL16
212        BL17
212        BL18
212        BL19
212        BL20
212        BL21
212        BL22
219       
219        BL02
220       
220        BL02

220       
221       
221        BL02
215        BL01
215        BL02
215        BL03
215        BL04
215        BL05
215        BL21
215        BL05
215        BL06
215        BL07
215        BL08
215        BL09
215        BL10
215        BL11
215        BL12
215        BL13
215        BL14
215        BL15
215        BL16
215        BL17
215        BL18
215        BL19
215        BL20
215        BL21
215        BL22

221       
222       
222        BL02

222       
223       
223        BL02

223       
224       
224        BL02
212       
212        BL02
213       
213        BL02
220        BL01
220        BL02
220        BL03
220        BL04
220        BL05
220        BL06
220        BL07
220        BL08
220        BL09
220        BL10
220        BL11
220        BL12
220        BL13
220        BL14
220        BL15
220        BL16
220        BL17
220        BL18
220        BL19
220        BL20
220        BL21
220        BL22
214       
214        BL02
221        BL01
221        BL02
221        BL03
221        BL04
221        BL05
221        BL06
221        BL07
221        BL08
221        BL09
221        BL10
221        BL11
221        BL12
221        BL13
221        BL14
221        BL15
221        BL16
221        BL17
221        BL18
221        BL19
221        BL20
221        BL21
221        BL22
215       
215        BL02

222        BL01
222        BL02
222        BL03
222        BL04
222        BL05
222        BL06
222        BL07
222        BL08
222        BL09
222        BL10
222        BL11
222        BL12
222        BL13
222        BL14
222        BL15
222        BL16
222        BL17
222        BL18
222        BL19
222        BL20
222        BL21
222        BL22
215       
234       

234       
223        BL01
223        BL02
223        BL03
223        BL04
223        BL05
223        BL06
223        BL07
223        BL08
223        BL09
223        BL10
223        BL11
223        BL12
223        BL13
223        BL19
223        BL13
223        BL14
223        BL12
223        BL14
223        BL15
223        BL16
223        BL17
223        BL18
223        BL19
223        BL20
223        BL21
223        BL22
216       
234        BL01
234        BL02
Process Process-524:
Traceback (most recent call last):
  File "/home/chen/.local/lib/python3.6/site-packages/urllib3/connection.py", line 160, in _new_conn
    (self._dns_host, self.port), self.timeout, **extra_kw
  File "/home/chen/.local/lib/python3.6/site-packages/urllib3/util/connection.py", line 61, in create_connection
    for res in socket.getaddrinfo(host, port, family, socket.SOCK_STREAM):
  File "/usr/lib/python3.6/socket.py", line 745, in getaddrinfo
    for res in _socket.getaddrinfo(host, port, family, type, proto, flags):
socket.gaierror: [Errno -2] Name or service not known

During handling of the above exception, another exception occurred:

Traceback (most recent call last):
  File "/home/chen/.local/lib/python3.6/site-packages/urllib3/connectionpool.py", line 677, in urlopen
    chunked=chunked,
  File "/home/chen/.local/lib/python3.6/site-packages/urllib3/connectionpool.py", line 392, in _make_request
    conn.request(method, url, **httplib_request_kw)
  File "/usr/lib/python3.6/http/client.py", line 1264, in request
    self._send_request(method, url, body, headers, encode_chunked)
  File "/usr/lib/python3.6/http/client.py", line 1310, in _send_request
    self.endheaders(body, encode_chunked=encode_chunked)
  File "/usr/lib/python3.6/http/client.py", line 1259, in endheaders
    self._send_output(message_body, encode_chunked=encode_chunked)
  File "/usr/lib/python3.6/http/client.py", line 1038, in _send_output
    self.send(msg)
  File "/usr/lib/python3.6/http/client.py", line 976, in send
    self.connect()
  File "/home/chen/.local/lib/python3.6/site-packages/urllib3/connection.py", line 187, in connect
    conn = self._new_conn()
  File "/home/chen/.local/lib/python3.6/site-packages/urllib3/connection.py", line 172, in _new_conn
    self, "Failed to establish a new connection: %s" % e
urllib3.exceptions.NewConnectionError: <urllib3.connection.HTTPConnection object at 0x7fa51d756630>: Failed to establish a new connection: [Errno -2] Name or service not known

During handling of the above exception, another exception occurred:

Traceback (most recent call last):
  File "/home/chen/.local/lib/python3.6/site-packages/requests/adapters.py", line 449, in send
    timeout=timeout
  File "/home/chen/.local/lib/python3.6/site-packages/urllib3/connectionpool.py", line 725, in urlopen
    method, url, error=e, _pool=self, _stacktrace=sys.exc_info()[2]
  File "/home/chen/.local/lib/python3.6/site-packages/urllib3/util/retry.py", line 439, in increment
    raise MaxRetryError(_pool, url, error or ResponseError(cause))
urllib3.exceptions.MaxRetryError: HTTPConnectionPool(host='ws.metro.taipei', port=80): Max retries exceeded with url: /trtcappweb/CartWeight.asmx (Caused by NewConnectionError('<urllib3.connection.HTTPConnection object at 0x7fa51d756630>: Failed to establish a new connection: [Errno -2] Name or service not known',))

During handling of the above exception, another exception occurred:

Traceback (most recent call last):
  File "crawl.py", line 44, in job
    res=xmltodict.parse(str(car_stat(trip_no).find("Detail")))["Detail"]
  File "crawl.py", line 33, in car_stat
    res=requests.post("http://ws.metro.taipei/trtcappweb/CartWeight.asmx",headers=headers,data=data)
  File "/home/chen/.local/lib/python3.6/site-packages/requests/api.py", line 119, in post
    return request('post', url, data=data, json=json, **kwargs)
  File "/home/chen/.local/lib/python3.6/site-packages/requests/api.py", line 61, in request
    return session.request(method=method, url=url, **kwargs)
  File "/home/chen/.local/lib/python3.6/site-packages/requests/sessions.py", line 530, in request
    resp = self.send(prep, **send_kwargs)
  File "/home/chen/.local/lib/python3.6/site-packages/requests/sessions.py", line 643, in send
    r = adapter.send(request, **kwargs)
  File "/home/chen/.local/lib/python3.6/site-packages/requests/adapters.py", line 516, in send
    raise ConnectionError(e, request=request)
requests.exceptions.ConnectionError: HTTPConnectionPool(host='ws.metro.taipei', port=80): Max retries exceeded with url: /trtcappweb/CartWeight.asmx (Caused by NewConnectionError('<urllib3.connection.HTTPConnection object at 0x7fa51d756630>: Failed to establish a new connection: [Errno -2] Name or service not known',))

During handling of the above exception, another exception occurred:

Traceback (most recent call last):
  File "/usr/lib/python3.6/multiprocessing/process.py", line 258, in _bootstrap
    self.run()
  File "/usr/lib/python3.6/multiprocessing/process.py", line 93, in run
    self._target(*self._args, **self._kwargs)
  File "crawl.py", line 63, in job
    os.remove("data/BL/{}/eastbound/json/{}.json".format(out[x1[0]]["@updateTime"].split(" ")[0],out[x1[0]]["@updateTime"].split(" ")[1]))
FileNotFoundError: [Errno 2] No such file or directory: 'data/BL/2020-07-14/eastbound/json/16:37:20.json'
215        BL01
215        BL02
215        BL03
215        BL04
216        BL01
Process Process-525:
Traceback (most recent call last):
  File "/home/chen/.local/lib/python3.6/site-packages/urllib3/connection.py", line 160, in _new_conn
    (self._dns_host, self.port), self.timeout, **extra_kw
  File "/home/chen/.local/lib/python3.6/site-packages/urllib3/util/connection.py", line 61, in create_connection
    for res in socket.getaddrinfo(host, port, family, socket.SOCK_STREAM):
  File "/usr/lib/python3.6/socket.py", line 745, in getaddrinfo
    for res in _socket.getaddrinfo(host, port, family, type, proto, flags):
socket.gaierror: [Errno -2] Name or service not known

During handling of the above exception, another exception occurred:

Traceback (most recent call last):
  File "/home/chen/.local/lib/python3.6/site-packages/urllib3/connectionpool.py", line 677, in urlopen
    chunked=chunked,
  File "/home/chen/.local/lib/python3.6/site-packages/urllib3/connectionpool.py", line 392, in _make_request
    conn.request(method, url, **httplib_request_kw)
  File "/usr/lib/python3.6/http/client.py", line 1264, in request
    self._send_request(method, url, body, headers, encode_chunked)
  File "/usr/lib/python3.6/http/client.py", line 1310, in _send_request
    self.endheaders(body, encode_chunked=encode_chunked)
  File "/usr/lib/python3.6/http/client.py", line 1259, in endheaders
    self._send_output(message_body, encode_chunked=encode_chunked)
  File "/usr/lib/python3.6/http/client.py", line 1038, in _send_output
    self.send(msg)
  File "/usr/lib/python3.6/http/client.py", line 976, in send
    self.connect()
  File "/home/chen/.local/lib/python3.6/site-packages/urllib3/connection.py", line 187, in connect
    conn = self._new_conn()
  File "/home/chen/.local/lib/python3.6/site-packages/urllib3/connection.py", line 172, in _new_conn
    self, "Failed to establish a new connection: %s" % e
urllib3.exceptions.NewConnectionError: <urllib3.connection.HTTPConnection object at 0x7fa51d72d550>: Failed to establish a new connection: [Errno -2] Name or service not known

During handling of the above exception, another exception occurred:

Traceback (most recent call last):
  File "/home/chen/.local/lib/python3.6/site-packages/requests/adapters.py", line 449, in send
    timeout=timeout
  File "/home/chen/.local/lib/python3.6/site-packages/urllib3/connectionpool.py", line 725, in urlopen
    method, url, error=e, _pool=self, _stacktrace=sys.exc_info()[2]
  File "/home/chen/.local/lib/python3.6/site-packages/urllib3/util/retry.py", line 439, in increment
    raise MaxRetryError(_pool, url, error or ResponseError(cause))
urllib3.exceptions.MaxRetryError: HTTPConnectionPool(host='ws.metro.taipei', port=80): Max retries exceeded with url: /trtcappweb/CartWeight.asmx (Caused by NewConnectionError('<urllib3.connection.HTTPConnection object at 0x7fa51d72d550>: Failed to establish a new connection: [Errno -2] Name or service not known',))

During handling of the above exception, another exception occurred:

Traceback (most recent call last):
  File "crawl.py", line 44, in job
    res=xmltodict.parse(str(car_stat(trip_no).find("Detail")))["Detail"]
  File "crawl.py", line 33, in car_stat
    res=requests.post("http://ws.metro.taipei/trtcappweb/CartWeight.asmx",headers=headers,data=data)
  File "/home/chen/.local/lib/python3.6/site-packages/requests/api.py", line 119, in post
    return request('post', url, data=data, json=json, **kwargs)
  File "/home/chen/.local/lib/python3.6/site-packages/requests/api.py", line 61, in request
    return session.request(method=method, url=url, **kwargs)
  File "/home/chen/.local/lib/python3.6/site-packages/requests/sessions.py", line 530, in request
    resp = self.send(prep, **send_kwargs)
  File "/home/chen/.local/lib/python3.6/site-packages/requests/sessions.py", line 643, in send
    r = adapter.send(request, **kwargs)
  File "/home/chen/.local/lib/python3.6/site-packages/requests/adapters.py", line 516, in send
    raise ConnectionError(e, request=request)
requests.exceptions.ConnectionError: HTTPConnectionPool(host='ws.metro.taipei', port=80): Max retries exceeded with url: /trtcappweb/CartWeight.asmx (Caused by NewConnectionError('<urllib3.connection.HTTPConnection object at 0x7fa51d72d550>: Failed to establish a new connection: [Errno -2] Name or service not known',))

During handling of the above exception, another exception occurred:

Traceback (most recent call last):
  File "/usr/lib/python3.6/multiprocessing/process.py", line 258, in _bootstrap
    self.run()
  File "/usr/lib/python3.6/multiprocessing/process.py", line 93, in run
    self._target(*self._args, **self._kwargs)
  File "crawl.py", line 63, in job
    os.remove("data/BL/{}/eastbound/json/{}.json".format(out[x1[0]]["@updateTime"].split(" ")[0],out[x1[0]]["@updateTime"].split(" ")[1]))
FileNotFoundError: [Errno 2] No such file or directory: 'data/BL/2020-07-14/eastbound/json/16:37:38.json'
